<?xml version="1.0" encoding="UTF-8"?>
<coverage generated="1725414462328" clover="3.2.0">
  <project timestamp="1725414462328" name="All files">
    <metrics statements="101" coveredstatements="93" conditionals="59" coveredconditionals="49" methods="40" coveredmethods="37" elements="200" coveredelements="179" complexity="0" loc="101" ncloc="101" packages="1" files="1" classes="1"/>
    <file name="unitTestingTask.js" path="C:\Users\rrenganathan\Downloads\capstoneprojectunittesting\unit-testing\unitTestingTask.js">
      <metrics statements="101" coveredstatements="93" conditionals="59" coveredconditionals="49" methods="40" coveredmethods="37"/>
      <line num="1" count="1" type="stmt"/>
      <line num="2" count="1" type="cond" truecount="2" falsecount="2"/>
      <line num="3" count="0" type="stmt"/>
      <line num="4" count="0" type="stmt"/>
      <line num="6" count="1" type="cond" truecount="1" falsecount="1"/>
      <line num="7" count="1" type="stmt"/>
      <line num="9" count="0" type="stmt"/>
      <line num="24" count="31" type="stmt"/>
      <line num="25" count="31" type="cond" truecount="2" falsecount="0"/>
      <line num="27" count="31" type="cond" truecount="1" falsecount="1"/>
      <line num="28" count="0" type="stmt"/>
      <line num="32" count="31" type="stmt"/>
      <line num="34" count="31" type="stmt"/>
      <line num="37" count="1" type="cond" truecount="2" falsecount="0"/>
      <line num="39" count="1" type="stmt"/>
      <line num="41" count="7" type="stmt"/>
      <line num="44" count="1" type="stmt"/>
      <line num="47" count="1" type="stmt"/>
      <line num="50" count="1" type="stmt"/>
      <line num="53" count="5" type="stmt"/>
      <line num="56" count="1" type="stmt"/>
      <line num="59" count="1" type="stmt"/>
      <line num="62" count="1" type="stmt"/>
      <line num="67" count="1" type="stmt"/>
      <line num="70" count="5" type="stmt"/>
      <line num="73" count="2" type="stmt"/>
      <line num="76" count="1" type="stmt"/>
      <line num="79" count="1" type="stmt"/>
      <line num="82" count="4" type="cond" truecount="1" falsecount="1"/>
      <line num="85" count="1" type="cond" truecount="1" falsecount="1"/>
      <line num="88" count="4" type="stmt"/>
      <line num="91" count="1" type="stmt"/>
      <line num="94" count="4" type="stmt"/>
      <line num="97" count="1" type="stmt"/>
      <line num="100" count="1" type="stmt"/>
      <line num="103" count="1" type="stmt"/>
      <line num="106" count="2" type="stmt"/>
      <line num="112" count="2" type="stmt"/>
      <line num="118" count="3" type="stmt"/>
      <line num="119" count="3" type="stmt"/>
      <line num="120" count="3" type="stmt"/>
      <line num="121" count="3" type="cond" truecount="1" falsecount="1"/>
      <line num="123" count="3" type="cond" truecount="2" falsecount="0"/>
      <line num="125" count="3" type="stmt"/>
      <line num="131" count="2" type="stmt"/>
      <line num="135" count="1" type="stmt"/>
      <line num="136" count="1" type="stmt"/>
      <line num="137" count="25" type="cond" truecount="1" falsecount="1"/>
      <line num="138" count="25" type="stmt"/>
      <line num="141" count="1" type="stmt"/>
      <line num="182" count="43" type="cond" truecount="4" falsecount="0"/>
      <line num="183" count="1" type="stmt"/>
      <line num="186" count="42" type="cond" truecount="2" falsecount="0"/>
      <line num="192" count="1" type="stmt"/>
      <line num="198" count="41" type="cond" truecount="3" falsecount="1"/>
      <line num="204" count="41" type="stmt"/>
      <line num="206" count="41" type="cond" truecount="2" falsecount="0"/>
      <line num="207" count="5" type="stmt"/>
      <line num="209" count="36" type="stmt"/>
      <line num="210" count="52" type="stmt"/>
      <line num="220" count="1" type="stmt"/>
      <line num="230" count="1" type="stmt"/>
      <line num="231" count="20" type="cond" truecount="2" falsecount="0"/>
      <line num="232" count="16" type="stmt"/>
      <line num="235" count="4" type="cond" truecount="2" falsecount="0"/>
      <line num="236" count="2" type="cond" truecount="4" falsecount="0"/>
      <line num="237" count="1" type="stmt"/>
      <line num="238" count="1" type="cond" truecount="1" falsecount="1"/>
      <line num="239" count="1" type="stmt"/>
      <line num="240" count="1" type="stmt"/>
      <line num="241" count="0" type="stmt"/>
      <line num="243" count="1" type="stmt"/>
      <line num="246" count="1" type="stmt"/>
      <line num="249" count="2" type="stmt"/>
      <line num="250" count="2" type="stmt"/>
      <line num="251" count="2" type="stmt"/>
      <line num="255" count="1" type="stmt"/>
      <line num="261" count="1" type="stmt"/>
      <line num="267" count="1" type="stmt"/>
      <line num="276" count="4" type="cond" truecount="2" falsecount="0"/>
      <line num="277" count="2" type="cond" truecount="2" falsecount="0"/>
      <line num="279" count="2" type="cond" truecount="2" falsecount="0"/>
      <line num="289" count="1" type="stmt"/>
      <line num="290" count="5" type="stmt"/>
      <line num="292" count="5" type="cond" truecount="3" falsecount="0"/>
      <line num="293" count="5" type="stmt"/>
      <line num="302" count="1" type="stmt"/>
      <line num="322" count="1" type="stmt"/>
      <line num="323" count="5" type="stmt"/>
      <line num="324" count="5" type="stmt"/>
      <line num="332" count="1" type="stmt"/>
      <line num="333" count="0" type="stmt"/>
      <line num="337" count="1" type="stmt"/>
      <line num="338" count="1" type="stmt"/>
      <line num="339" count="1" type="stmt"/>
      <line num="340" count="1" type="stmt"/>
      <line num="343" count="1" type="stmt"/>
      <line num="350" count="1" type="stmt"/>
      <line num="351" count="0" type="stmt"/>
      <line num="352" count="0" type="stmt"/>
      <line num="355" count="1" type="stmt"/>
    </file>
  </project>
</coverage>
