{"C:\\Users\\rrenganathan\\Downloads\\capstoneprojectunittesting\\unit-testing\\unitTestingTask.js": {"path":"C:\\Users\\rrenganathan\\Downloads\\capstoneprojectunittesting\\unit-testing\\unitTestingTask.js","statementMap":{"0":{"start":{"line":1,"column":0},"end":{"line":356,"column":3}},"1":{"start":{"line":2,"column":4},"end":{"line":10,"column":5}},"2":{"start":{"line":3,"column":8},"end":{"line":5,"column":11}},"3":{"start":{"line":4,"column":12},"end":{"line":4,"column":33}},"4":{"start":{"line":6,"column":11},"end":{"line":10,"column":5}},"5":{"start":{"line":7,"column":8},"end":{"line":7,"column":39}},"6":{"start":{"line":9,"column":8},"end":{"line":9,"column":45}},"7":{"start":{"line":24,"column":18},"end":{"line":24,"column":34}},"8":{"start":{"line":25,"column":23},"end":{"line":25,"column":58}},"9":{"start":{"line":27,"column":8},"end":{"line":29,"column":9}},"10":{"start":{"line":28,"column":12},"end":{"line":28,"column":23}},"11":{"start":{"line":32,"column":8},"end":{"line":32,"column":58}},"12":{"start":{"line":34,"column":8},"end":{"line":34,"column":19}},"13":{"start":{"line":37,"column":20},"end":{"line":37,"column":71}},"14":{"start":{"line":39,"column":17},"end":{"line":133,"column":5}},"15":{"start":{"line":41,"column":12},"end":{"line":41,"column":38}},"16":{"start":{"line":44,"column":12},"end":{"line":44,"column":59}},"17":{"start":{"line":47,"column":12},"end":{"line":47,"column":74}},"18":{"start":{"line":50,"column":12},"end":{"line":50,"column":79}},"19":{"start":{"line":53,"column":12},"end":{"line":53,"column":54}},"20":{"start":{"line":56,"column":12},"end":{"line":56,"column":39}},"21":{"start":{"line":59,"column":12},"end":{"line":59,"column":77}},"22":{"start":{"line":62,"column":12},"end":{"line":64,"column":14}},"23":{"start":{"line":67,"column":12},"end":{"line":67,"column":80}},"24":{"start":{"line":70,"column":12},"end":{"line":70,"column":49}},"25":{"start":{"line":73,"column":12},"end":{"line":73,"column":34}},"26":{"start":{"line":76,"column":12},"end":{"line":76,"column":50}},"27":{"start":{"line":79,"column":12},"end":{"line":79,"column":35}},"28":{"start":{"line":82,"column":12},"end":{"line":82,"column":61}},"29":{"start":{"line":85,"column":12},"end":{"line":85,"column":46}},"30":{"start":{"line":88,"column":12},"end":{"line":88,"column":52}},"31":{"start":{"line":91,"column":12},"end":{"line":91,"column":37}},"32":{"start":{"line":94,"column":12},"end":{"line":94,"column":52}},"33":{"start":{"line":97,"column":12},"end":{"line":97,"column":37}},"34":{"start":{"line":100,"column":12},"end":{"line":100,"column":60}},"35":{"start":{"line":103,"column":12},"end":{"line":103,"column":42}},"36":{"start":{"line":106,"column":12},"end":{"line":109,"column":14}},"37":{"start":{"line":112,"column":12},"end":{"line":115,"column":14}},"38":{"start":{"line":118,"column":21},"end":{"line":118,"column":45}},"39":{"start":{"line":119,"column":24},"end":{"line":119,"column":53}},"40":{"start":{"line":120,"column":23},"end":{"line":120,"column":30}},"41":{"start":{"line":121,"column":23},"end":{"line":121,"column":41}},"42":{"start":{"line":123,"column":12},"end":{"line":123,"column":40}},"43":{"start":{"line":125,"column":12},"end":{"line":128,"column":14}},"44":{"start":{"line":131,"column":12},"end":{"line":131,"column":46}},"45":{"start":{"line":135,"column":26},"end":{"line":135,"column":28}},"46":{"start":{"line":136,"column":4},"end":{"line":140,"column":5}},"47":{"start":{"line":137,"column":8},"end":{"line":139,"column":9}},"48":{"start":{"line":138,"column":12},"end":{"line":138,"column":44}},"49":{"start":{"line":141,"column":17},"end":{"line":141,"column":60}},"50":{"start":{"line":182,"column":8},"end":{"line":184,"column":9}},"51":{"start":{"line":183,"column":12},"end":{"line":183,"column":70}},"52":{"start":{"line":186,"column":8},"end":{"line":195,"column":9}},"53":{"start":{"line":192,"column":12},"end":{"line":194,"column":14}},"54":{"start":{"line":198,"column":12},"end":{"line":202,"column":28}},"55":{"start":{"line":204,"column":8},"end":{"line":204,"column":35}},"56":{"start":{"line":206,"column":8},"end":{"line":212,"column":9}},"57":{"start":{"line":207,"column":12},"end":{"line":207,"column":59}},"58":{"start":{"line":209,"column":12},"end":{"line":211,"column":15}},"59":{"start":{"line":210,"column":16},"end":{"line":210,"column":49}},"60":{"start":{"line":220,"column":21},"end":{"line":220,"column":52}},"61":{"start":{"line":230,"column":16},"end":{"line":252,"column":5}},"62":{"start":{"line":231,"column":8},"end":{"line":233,"column":9}},"63":{"start":{"line":232,"column":12},"end":{"line":232,"column":37}},"64":{"start":{"line":235,"column":8},"end":{"line":247,"column":9}},"65":{"start":{"line":236,"column":12},"end":{"line":245,"column":13}},"66":{"start":{"line":237,"column":16},"end":{"line":237,"column":41}},"67":{"start":{"line":238,"column":19},"end":{"line":245,"column":13}},"68":{"start":{"line":239,"column":16},"end":{"line":244,"column":17}},"69":{"start":{"line":240,"column":20},"end":{"line":240,"column":46}},"70":{"start":{"line":241,"column":20},"end":{"line":241,"column":45}},"71":{"start":{"line":243,"column":20},"end":{"line":243,"column":45}},"72":{"start":{"line":246,"column":12},"end":{"line":246,"column":37}},"73":{"start":{"line":249,"column":8},"end":{"line":249,"column":34}},"74":{"start":{"line":250,"column":8},"end":{"line":250,"column":33}},"75":{"start":{"line":251,"column":8},"end":{"line":251,"column":33}},"76":{"start":{"line":255,"column":4},"end":{"line":282,"column":7}},"77":{"start":{"line":261,"column":12},"end":{"line":261,"column":49}},"78":{"start":{"line":267,"column":12},"end":{"line":267,"column":54}},"79":{"start":{"line":276,"column":12},"end":{"line":280,"column":13}},"80":{"start":{"line":277,"column":16},"end":{"line":277,"column":45}},"81":{"start":{"line":279,"column":16},"end":{"line":279,"column":45}},"82":{"start":{"line":289,"column":26},"end":{"line":295,"column":5}},"83":{"start":{"line":290,"column":8},"end":{"line":294,"column":10}},"84":{"start":{"line":292,"column":16},"end":{"line":292,"column":77}},"85":{"start":{"line":293,"column":12},"end":{"line":293,"column":44}},"86":{"start":{"line":302,"column":22},"end":{"line":302,"column":54}},"87":{"start":{"line":322,"column":20},"end":{"line":325,"column":5}},"88":{"start":{"line":323,"column":8},"end":{"line":323,"column":51}},"89":{"start":{"line":324,"column":8},"end":{"line":324,"column":32}},"90":{"start":{"line":332,"column":4},"end":{"line":334,"column":6}},"91":{"start":{"line":333,"column":8},"end":{"line":333,"column":56}},"92":{"start":{"line":337,"column":4},"end":{"line":337,"column":38}},"93":{"start":{"line":338,"column":4},"end":{"line":338,"column":36}},"94":{"start":{"line":339,"column":4},"end":{"line":339,"column":51}},"95":{"start":{"line":340,"column":4},"end":{"line":340,"column":54}},"96":{"start":{"line":343,"column":19},"end":{"line":343,"column":39}},"97":{"start":{"line":350,"column":4},"end":{"line":353,"column":6}},"98":{"start":{"line":351,"column":8},"end":{"line":351,"column":40}},"99":{"start":{"line":352,"column":8},"end":{"line":352,"column":20}},"100":{"start":{"line":355,"column":4},"end":{"line":355,"column":27}}},"fnMap":{"0":{"name":"(anonymous_0)","decl":{"start":{"line":1,"column":1},"end":{"line":1,"column":2}},"loc":{"start":{"line":1,"column":26},"end":{"line":11,"column":1}},"line":1},"1":{"name":"(anonymous_1)","decl":{"start":{"line":3,"column":19},"end":{"line":3,"column":20}},"loc":{"start":{"line":3,"column":31},"end":{"line":5,"column":9}},"line":3},"2":{"name":"(anonymous_2)","decl":{"start":{"line":11,"column":9},"end":{"line":11,"column":10}},"loc":{"start":{"line":11,"column":25},"end":{"line":356,"column":1}},"line":11},"3":{"name":"leadingZeroes","decl":{"start":{"line":23,"column":13},"end":{"line":23,"column":26}},"loc":{"start":{"line":23,"column":42},"end":{"line":35,"column":5}},"line":23},"4":{"name":"(anonymous_4)","decl":{"start":{"line":40,"column":14},"end":{"line":40,"column":15}},"loc":{"start":{"line":40,"column":30},"end":{"line":42,"column":9}},"line":40},"5":{"name":"(anonymous_5)","decl":{"start":{"line":43,"column":12},"end":{"line":43,"column":13}},"loc":{"start":{"line":43,"column":28},"end":{"line":45,"column":9}},"line":43},"6":{"name":"(anonymous_6)","decl":{"start":{"line":46,"column":14},"end":{"line":46,"column":15}},"loc":{"start":{"line":46,"column":38},"end":{"line":48,"column":9}},"line":46},"7":{"name":"(anonymous_7)","decl":{"start":{"line":49,"column":13},"end":{"line":49,"column":14}},"loc":{"start":{"line":49,"column":37},"end":{"line":51,"column":9}},"line":49},"8":{"name":"(anonymous_8)","decl":{"start":{"line":52,"column":12},"end":{"line":52,"column":13}},"loc":{"start":{"line":52,"column":28},"end":{"line":54,"column":9}},"line":52},"9":{"name":"(anonymous_9)","decl":{"start":{"line":55,"column":11},"end":{"line":55,"column":12}},"loc":{"start":{"line":55,"column":27},"end":{"line":57,"column":9}},"line":55},"10":{"name":"(anonymous_10)","decl":{"start":{"line":58,"column":13},"end":{"line":58,"column":14}},"loc":{"start":{"line":58,"column":29},"end":{"line":60,"column":9}},"line":58},"11":{"name":"(anonymous_11)","decl":{"start":{"line":61,"column":12},"end":{"line":61,"column":13}},"loc":{"start":{"line":61,"column":28},"end":{"line":65,"column":9}},"line":61},"12":{"name":"(anonymous_12)","decl":{"start":{"line":66,"column":11},"end":{"line":66,"column":12}},"loc":{"start":{"line":66,"column":27},"end":{"line":68,"column":9}},"line":66},"13":{"name":"(anonymous_13)","decl":{"start":{"line":69,"column":12},"end":{"line":69,"column":13}},"loc":{"start":{"line":69,"column":28},"end":{"line":71,"column":9}},"line":69},"14":{"name":"(anonymous_14)","decl":{"start":{"line":72,"column":11},"end":{"line":72,"column":12}},"loc":{"start":{"line":72,"column":27},"end":{"line":74,"column":9}},"line":72},"15":{"name":"(anonymous_15)","decl":{"start":{"line":75,"column":12},"end":{"line":75,"column":13}},"loc":{"start":{"line":75,"column":28},"end":{"line":77,"column":9}},"line":75},"16":{"name":"(anonymous_16)","decl":{"start":{"line":78,"column":11},"end":{"line":78,"column":12}},"loc":{"start":{"line":78,"column":27},"end":{"line":80,"column":9}},"line":78},"17":{"name":"(anonymous_17)","decl":{"start":{"line":81,"column":12},"end":{"line":81,"column":13}},"loc":{"start":{"line":81,"column":28},"end":{"line":83,"column":9}},"line":81},"18":{"name":"(anonymous_18)","decl":{"start":{"line":84,"column":11},"end":{"line":84,"column":12}},"loc":{"start":{"line":84,"column":27},"end":{"line":86,"column":9}},"line":84},"19":{"name":"(anonymous_19)","decl":{"start":{"line":87,"column":12},"end":{"line":87,"column":13}},"loc":{"start":{"line":87,"column":28},"end":{"line":89,"column":9}},"line":87},"20":{"name":"(anonymous_20)","decl":{"start":{"line":90,"column":11},"end":{"line":90,"column":12}},"loc":{"start":{"line":90,"column":27},"end":{"line":92,"column":9}},"line":90},"21":{"name":"(anonymous_21)","decl":{"start":{"line":93,"column":12},"end":{"line":93,"column":13}},"loc":{"start":{"line":93,"column":28},"end":{"line":95,"column":9}},"line":93},"22":{"name":"(anonymous_22)","decl":{"start":{"line":96,"column":11},"end":{"line":96,"column":12}},"loc":{"start":{"line":96,"column":27},"end":{"line":98,"column":9}},"line":96},"23":{"name":"(anonymous_23)","decl":{"start":{"line":99,"column":12},"end":{"line":99,"column":13}},"loc":{"start":{"line":99,"column":28},"end":{"line":101,"column":9}},"line":99},"24":{"name":"(anonymous_24)","decl":{"start":{"line":102,"column":11},"end":{"line":102,"column":12}},"loc":{"start":{"line":102,"column":27},"end":{"line":104,"column":9}},"line":102},"25":{"name":"(anonymous_25)","decl":{"start":{"line":105,"column":11},"end":{"line":105,"column":12}},"loc":{"start":{"line":105,"column":27},"end":{"line":110,"column":9}},"line":105},"26":{"name":"(anonymous_26)","decl":{"start":{"line":111,"column":11},"end":{"line":111,"column":12}},"loc":{"start":{"line":111,"column":27},"end":{"line":116,"column":9}},"line":111},"27":{"name":"(anonymous_27)","decl":{"start":{"line":117,"column":12},"end":{"line":117,"column":13}},"loc":{"start":{"line":117,"column":47},"end":{"line":129,"column":9}},"line":117},"28":{"name":"(anonymous_28)","decl":{"start":{"line":130,"column":11},"end":{"line":130,"column":12}},"loc":{"start":{"line":130,"column":27},"end":{"line":132,"column":9}},"line":130},"29":{"name":"unitTestingTask","decl":{"start":{"line":181,"column":13},"end":{"line":181,"column":28}},"loc":{"start":{"line":181,"column":43},"end":{"line":213,"column":5}},"line":181},"30":{"name":"(anonymous_30)","decl":{"start":{"line":209,"column":42},"end":{"line":209,"column":43}},"loc":{"start":{"line":209,"column":59},"end":{"line":211,"column":13}},"line":209},"31":{"name":"(anonymous_31)","decl":{"start":{"line":230,"column":39},"end":{"line":230,"column":40}},"loc":{"start":{"line":230,"column":64},"end":{"line":252,"column":5}},"line":230},"32":{"name":"(anonymous_32)","decl":{"start":{"line":260,"column":16},"end":{"line":260,"column":17}},"loc":{"start":{"line":260,"column":32},"end":{"line":262,"column":9}},"line":260},"33":{"name":"(anonymous_33)","decl":{"start":{"line":266,"column":21},"end":{"line":266,"column":22}},"loc":{"start":{"line":266,"column":37},"end":{"line":268,"column":9}},"line":266},"34":{"name":"(anonymous_34)","decl":{"start":{"line":275,"column":18},"end":{"line":275,"column":19}},"loc":{"start":{"line":275,"column":44},"end":{"line":281,"column":9}},"line":275},"35":{"name":"(anonymous_35)","decl":{"start":{"line":289,"column":26},"end":{"line":289,"column":27}},"loc":{"start":{"line":289,"column":44},"end":{"line":295,"column":5}},"line":289},"36":{"name":"(anonymous_36)","decl":{"start":{"line":290,"column":15},"end":{"line":290,"column":16}},"loc":{"start":{"line":290,"column":31},"end":{"line":294,"column":9}},"line":290},"37":{"name":"(anonymous_37)","decl":{"start":{"line":322,"column":47},"end":{"line":322,"column":48}},"loc":{"start":{"line":322,"column":71},"end":{"line":325,"column":5}},"line":322},"38":{"name":"(anonymous_38)","decl":{"start":{"line":332,"column":33},"end":{"line":332,"column":34}},"loc":{"start":{"line":332,"column":45},"end":{"line":334,"column":5}},"line":332},"39":{"name":"(anonymous_39)","decl":{"start":{"line":350,"column":33},"end":{"line":350,"column":34}},"loc":{"start":{"line":350,"column":45},"end":{"line":353,"column":5}},"line":350}},"branchMap":{"0":{"loc":{"start":{"line":2,"column":4},"end":{"line":10,"column":5}},"type":"if","locations":[{"start":{"line":2,"column":4},"end":{"line":10,"column":5}},{"start":{"line":6,"column":11},"end":{"line":10,"column":5}}],"line":2},"1":{"loc":{"start":{"line":2,"column":8},"end":{"line":2,"column":50}},"type":"binary-expr","locations":[{"start":{"line":2,"column":8},"end":{"line":2,"column":36}},{"start":{"line":2,"column":40},"end":{"line":2,"column":50}}],"line":2},"2":{"loc":{"start":{"line":6,"column":11},"end":{"line":10,"column":5}},"type":"if","locations":[{"start":{"line":6,"column":11},"end":{"line":10,"column":5}},{"start":{"line":8,"column":11},"end":{"line":10,"column":5}}],"line":6},"3":{"loc":{"start":{"line":25,"column":23},"end":{"line":25,"column":58}},"type":"cond-expr","locations":[{"start":{"line":25,"column":48},"end":{"line":25,"column":54}},{"start":{"line":25,"column":57},"end":{"line":25,"column":58}}],"line":25},"4":{"loc":{"start":{"line":27,"column":8},"end":{"line":29,"column":9}},"type":"if","locations":[{"start":{"line":27,"column":8},"end":{"line":29,"column":9}},{"start":{},"end":{}}],"line":27},"5":{"loc":{"start":{"line":37,"column":23},"end":{"line":37,"column":70}},"type":"binary-expr","locations":[{"start":{"line":37,"column":23},"end":{"line":37,"column":52}},{"start":{"line":37,"column":56},"end":{"line":37,"column":70}}],"line":37},"6":{"loc":{"start":{"line":82,"column":33},"end":{"line":82,"column":59}},"type":"binary-expr","locations":[{"start":{"line":82,"column":33},"end":{"line":82,"column":53}},{"start":{"line":82,"column":57},"end":{"line":82,"column":59}}],"line":82},"7":{"loc":{"start":{"line":85,"column":19},"end":{"line":85,"column":45}},"type":"binary-expr","locations":[{"start":{"line":85,"column":19},"end":{"line":85,"column":39}},{"start":{"line":85,"column":43},"end":{"line":85,"column":45}}],"line":85},"8":{"loc":{"start":{"line":121,"column":23},"end":{"line":121,"column":41}},"type":"cond-expr","locations":[{"start":{"line":121,"column":32},"end":{"line":121,"column":35}},{"start":{"line":121,"column":38},"end":{"line":121,"column":41}}],"line":121},"9":{"loc":{"start":{"line":123,"column":24},"end":{"line":123,"column":39}},"type":"binary-expr","locations":[{"start":{"line":123,"column":24},"end":{"line":123,"column":33}},{"start":{"line":123,"column":37},"end":{"line":123,"column":39}}],"line":123},"10":{"loc":{"start":{"line":137,"column":8},"end":{"line":139,"column":9}},"type":"if","locations":[{"start":{"line":137,"column":8},"end":{"line":139,"column":9}},{"start":{},"end":{}}],"line":137},"11":{"loc":{"start":{"line":182,"column":8},"end":{"line":184,"column":9}},"type":"if","locations":[{"start":{"line":182,"column":8},"end":{"line":184,"column":9}},{"start":{},"end":{}}],"line":182},"12":{"loc":{"start":{"line":182,"column":12},"end":{"line":182,"column":49}},"type":"binary-expr","locations":[{"start":{"line":182,"column":12},"end":{"line":182,"column":19}},{"start":{"line":182,"column":23},"end":{"line":182,"column":49}}],"line":182},"13":{"loc":{"start":{"line":186,"column":8},"end":{"line":195,"column":9}},"type":"if","locations":[{"start":{"line":186,"column":8},"end":{"line":195,"column":9}},{"start":{},"end":{}}],"line":186},"14":{"loc":{"start":{"line":187,"column":12},"end":{"line":190,"column":36}},"type":"binary-expr","locations":[{"start":{"line":187,"column":12},"end":{"line":187,"column":30}},{"start":{"line":188,"column":12},"end":{"line":188,"column":35}},{"start":{"line":189,"column":12},"end":{"line":189,"column":36}},{"start":{"line":190,"column":12},"end":{"line":190,"column":36}}],"line":187},"15":{"loc":{"start":{"line":198,"column":12},"end":{"line":202,"column":28}},"type":"cond-expr","locations":[{"start":{"line":199,"column":18},"end":{"line":201,"column":36}},{"start":{"line":202,"column":18},"end":{"line":202,"column":28}}],"line":198},"16":{"loc":{"start":{"line":198,"column":12},"end":{"line":198,"column":42}},"type":"binary-expr","locations":[{"start":{"line":198,"column":12},"end":{"line":198,"column":34}},{"start":{"line":198,"column":38},"end":{"line":198,"column":42}}],"line":198},"17":{"loc":{"start":{"line":199,"column":18},"end":{"line":201,"column":36}},"type":"cond-expr","locations":[{"start":{"line":200,"column":22},"end":{"line":200,"column":26}},{"start":{"line":201,"column":22},"end":{"line":201,"column":36}}],"line":199},"18":{"loc":{"start":{"line":206,"column":8},"end":{"line":212,"column":9}},"type":"if","locations":[{"start":{"line":206,"column":8},"end":{"line":212,"column":9}},{"start":{"line":208,"column":15},"end":{"line":212,"column":9}}],"line":206},"19":{"loc":{"start":{"line":231,"column":8},"end":{"line":233,"column":9}},"type":"if","locations":[{"start":{"line":231,"column":8},"end":{"line":233,"column":9}},{"start":{},"end":{}}],"line":231},"20":{"loc":{"start":{"line":235,"column":8},"end":{"line":247,"column":9}},"type":"if","locations":[{"start":{"line":235,"column":8},"end":{"line":247,"column":9}},{"start":{},"end":{}}],"line":235},"21":{"loc":{"start":{"line":236,"column":12},"end":{"line":245,"column":13}},"type":"if","locations":[{"start":{"line":236,"column":12},"end":{"line":245,"column":13}},{"start":{"line":238,"column":19},"end":{"line":245,"column":13}}],"line":236},"22":{"loc":{"start":{"line":236,"column":16},"end":{"line":236,"column":61}},"type":"binary-expr","locations":[{"start":{"line":236,"column":16},"end":{"line":236,"column":31}},{"start":{"line":236,"column":35},"end":{"line":236,"column":61}}],"line":236},"23":{"loc":{"start":{"line":238,"column":19},"end":{"line":245,"column":13}},"type":"if","locations":[{"start":{"line":238,"column":19},"end":{"line":245,"column":13}},{"start":{},"end":{}}],"line":238},"24":{"loc":{"start":{"line":276,"column":12},"end":{"line":280,"column":13}},"type":"if","locations":[{"start":{"line":276,"column":12},"end":{"line":280,"column":13}},{"start":{"line":278,"column":19},"end":{"line":280,"column":13}}],"line":276},"25":{"loc":{"start":{"line":277,"column":23},"end":{"line":277,"column":44}},"type":"cond-expr","locations":[{"start":{"line":277,"column":33},"end":{"line":277,"column":37}},{"start":{"line":277,"column":40},"end":{"line":277,"column":44}}],"line":277},"26":{"loc":{"start":{"line":279,"column":23},"end":{"line":279,"column":44}},"type":"cond-expr","locations":[{"start":{"line":279,"column":33},"end":{"line":279,"column":37}},{"start":{"line":279,"column":40},"end":{"line":279,"column":44}}],"line":279},"27":{"loc":{"start":{"line":292,"column":16},"end":{"line":292,"column":77}},"type":"binary-expr","locations":[{"start":{"line":292,"column":16},"end":{"line":292,"column":46}},{"start":{"line":292,"column":50},"end":{"line":292,"column":67}},{"start":{"line":292,"column":71},"end":{"line":292,"column":77}}],"line":292}},"s":{"0":1,"1":1,"2":0,"3":0,"4":1,"5":1,"6":0,"7":31,"8":31,"9":31,"10":0,"11":31,"12":31,"13":1,"14":1,"15":7,"16":1,"17":1,"18":1,"19":5,"20":1,"21":1,"22":1,"23":1,"24":5,"25":2,"26":1,"27":1,"28":4,"29":1,"30":4,"31":1,"32":4,"33":1,"34":1,"35":1,"36":2,"37":2,"38":3,"39":3,"40":3,"41":3,"42":3,"43":3,"44":2,"45":1,"46":1,"47":25,"48":25,"49":1,"50":43,"51":1,"52":42,"53":1,"54":41,"55":41,"56":41,"57":5,"58":36,"59":52,"60":1,"61":1,"62":20,"63":16,"64":4,"65":2,"66":1,"67":1,"68":1,"69":1,"70":0,"71":1,"72":1,"73":2,"74":2,"75":2,"76":1,"77":1,"78":1,"79":4,"80":2,"81":2,"82":1,"83":5,"84":5,"85":5,"86":1,"87":1,"88":5,"89":5,"90":1,"91":0,"92":1,"93":1,"94":1,"95":1,"96":1,"97":1,"98":0,"99":0,"100":1},"f":{"0":1,"1":0,"2":1,"3":31,"4":7,"5":1,"6":1,"7":1,"8":5,"9":1,"10":1,"11":1,"12":1,"13":5,"14":2,"15":1,"16":1,"17":4,"18":1,"19":4,"20":1,"21":4,"22":1,"23":1,"24":1,"25":2,"26":2,"27":3,"28":2,"29":43,"30":52,"31":20,"32":1,"33":1,"34":4,"35":5,"36":5,"37":5,"38":0,"39":0},"b":{"0":[0,1],"1":[1,0],"2":[1,0],"3":[1,30],"4":[0,31],"5":[1,1],"6":[4,0],"7":[1,0],"8":[0,3],"9":[3,1],"10":[25,0],"11":[1,42],"12":[43,43],"13":[1,41],"14":[42,42,6,5],"15":[41,0],"16":[41,41],"17":[36,5],"18":[5,36],"19":[16,4],"20":[2,2],"21":[1,1],"22":[2,2],"23":[1,0],"24":[2,2],"25":[1,1],"26":[1,1],"27":[5,5,5]},"_coverageSchema":"1a1c01bbd47fc00a2c39e90264f33305004495a9","hash":"7b3e9135c4f6bf40819836d2a82b72eb90be2ea4"}
}
